<html>
<body>
<pre>
<h1>Vision Build Log</h1>
<h2>Tool Versions:</h2>
IDE-Version: μVision V5.23.0.0
Copyright (C) 2017 ARM Ltd and ARM Germany GmbH. All rights reserved.
License Information: kuang kuangtiao, kuangtiao, LIC=UB4HL-0783Y-D3NM3-ACK2Y-5RI7A-8HXDU
 
Tool Versions:
Toolchain:       MDK-ARM Professional  Version: 5.23
Toolchain Path:  d:\Keil_v5\ARM\ARMCC\Bin
C Compiler:      Armcc.exe V5.06 update 4 (build 422)
Assembler:       Armasm.exe V5.06 update 4 (build 422)
Linker/Locator:  ArmLink.exe V5.06 update 4 (build 422)
Library Manager: ArmAr.exe V5.06 update 4 (build 422)
Hex Converter:   FromElf.exe V5.06 update 4 (build 422)
CPU DLL:         
Dialog DLL:      
Target DLL:      Segger\JL2CM3.dll V2.99.23.0
Dialog DLL:      TCM.DLL V1.27.0.0
 
<h2>Project:</h2>
E:\F盘\防丢器\ZX-N52S_开发板资料\6.官方SDK\6.官方SDK\SDK15.0\nRF5SDK1500a53641a\nRF5_SDK_15.0.0_a53641a\examples\ble_peripheral\ble_app_template\pca10040e\s112\arm5_no_packs\ble_app_template_pca10040e_s112.uvprojx
Project File Date:  03/22/2018

<h2>Output:</h2>
*** Using Compiler 'V5.06 update 4 (build 422)', folder: 'd:\Keil_v5\ARM\ARMCC\Bin'
Rebuild target 'nrf52810_xxaa'
compiling main.c...
..\..\..\..\..\..\modules\nrfx\hal\nrf_power.h(972): error:  #136: struct "<unnamed>"  has no field "RAMON"
  	
RF_POWER->RAMON = POWER_RAMON_ONRAM0_RAM0On<<POWER_RAMON_ONRAM0_Pos  
..\..\..\..\..\..\modules\nrfx\hal\nrf_power.h(972): error:  #20: identifier "POWER_RAMON_ONRAM0_RAM0On" is undefined
  	
RF_POWER->RAMON = POWER_RAMON_ONRAM0_RAM0On<<POWER_RAMON_ONRAM0_Pos  
..\..\..\..\..\..\modules\nrfx\hal\nrf_power.h(972): error:  #20: identifier "POWER_RAMON_ONRAM0_Pos" is undefined
  	NRF_POWER->RAMON = POWER_RAMON_ONRAM0_RAM0On<<POWER_RAMON_ONRAM0_Pos  
..\..\..\..\..\..\modules\nrfx\hal\nrf_power.h(973): error:  #20: identifier "POWER_RAMON_ONRAM1_RAM1On" is undefined
                  | POWER_RAMON_ONRAM1_RAM1On<<POWER_RAMON_ONRAM1_Pos  
..\..\..\..\..\..\modules\nrfx\hal\nrf_power.h(973): error:  #20: identifier "POWER_RAMON_ONRAM1_Pos" is undefined
                  | POWER_RAMON_ONRAM1_RAM1On<<POWER_RAMON_ONRAM1_Pos  
..\..\..\..\..\..\modules\nrfx\hal\nrf_power.h(974): error:  #20: identifier "POWER_RAMON_OFFRAM0_RAM0Off" is undefined
                  | POWER_RAMON_OFFRAM0_RAM0Off<<POWER_RAMON_OFFRAM0_Pos 
..\..\..\..\..\..\modules\nrfx\hal\nrf_power.h(974): error:  #20: identifier "POWER_RAMON_OFFRAM0_Pos" is undefined
                  | POWER_RAMON_OFFRAM0_RAM0Off<<POWER_RAMON_OFFRAM0_Pos 
..\..\..\..\..\..\modules\nrfx\hal\nrf_power.h(975): error:  #20: identifier "POWER_RAMON_OFFRAM1_RAM1Off" is undefined
                  |POWER_RAMON_OFFRAM1_RAM1Off<<POWER_RAMON_OFFRAM1_Pos;
..\..\..\..\..\..\modules\nrfx\hal\nrf_power.h(975): error:  #20: identifier "POWER_RAMON_OFFRAM1_Pos" is undefined
                  |POWER_RAMON_OFFRAM1_RAM1Off<<POWER_RAMON_OFFRAM1_Pos;
..\..\..\main.c(994): warning:  #177-D: function "TempEnable"  was declared but never referenced
  void TempEnable(bool en)
..\..\..\main.c: 1 warning, 9 errors
compiling boards.c...
compiling bsp_btn_ble.c...
..\..\..\..\..\..\components\libraries\bsp\bsp_btn_ble.c(105): warning:  #177-D: function "connection_buttons_configure"  was declared but never referenced
  static uint32_t connection_buttons_configure()
..\..\..\..\..\..\components\libraries\bsp\bsp_btn_ble.c: 1 warning, 0 errors
compiling ble_advdata.c...
compiling ble_conn_params.c...
compiling bsp.c...
compiling ble_advertising.c...
compiling ble_conn_state.c...
compiling nrf_ble_qwr.c...
compiling gatts_cache_manager.c...
compiling nrf_ble_gatt.c...
compiling id_manager.c...
compiling ble_srv_common.c...
compiling gatt_cache_manager.c...
compiling peer_data_storage.c...
compiling peer_id.c...
compiling peer_database.c...
compiling security_dispatcher.c...
compiling pm_mutex.c...
compiling pm_buffer.c...
compiling peer_manager.c...
compiling security_manager.c...
compiling nrfx_power_clock.c...
..\..\..\..\..\..\modules\nrfx\hal/nrf_power.h(972): error:  #136: struct "<unnamed>"  has no field "RAMON"
  	
RF_POWER->RAMON = POWER_RAMON_ONRAM0_RAM0On<<POWER_RAMON_ONRAM0_Pos  
..\..\..\..\..\..\modules\nrfx\hal/nrf_power.h(972): error:  #20: identifier "POWER_RAMON_ONRAM0_RAM0On" is undefined
  	
RF_POWER->RAMON = POWER_RAMON_ONRAM0_RAM0On<<POWER_RAMON_ONRAM0_Pos  
..\..\..\..\..\..\modules\nrfx\hal/nrf_power.h(972): error:  #20: identifier "POWER_RAMON_ONRAM0_Pos" is undefined
  	NRF_POWER->RAMON = POWER_RAMON_ONRAM0_RAM0On<<POWER_RAMON_ONRAM0_Pos  
..\..\..\..\..\..\modules\nrfx\hal/nrf_power.h(973): error:  #20: identifier "POWER_RAMON_ONRAM1_RAM1On" is undefined
                  | POWER_RAMON_ONRAM1_RAM1On<<POWER_RAMON_ONRAM1_Pos  
..\..\..\..\..\..\modules\nrfx\hal/nrf_power.h(973): error:  #20: identifier "POWER_RAMON_ONRAM1_Pos" is undefined
                  | POWER_RAMON_ONRAM1_RAM1On<<POWER_RAMON_ONRAM1_Pos  
..\..\..\..\..\..\modules\nrfx\hal/nrf_power.h(974): error:  #20: identifier "POWER_RAMON_OFFRAM0_RAM0Off" is undefined
                  | POWER_RAMON_OFFRAM0_RAM0Off<<POWER_RAMON_OFFRAM0_Pos 
..\..\..\..\..\..\modules\nrfx\hal/nrf_power.h(974): error:  #20: identifier "POWER_RAMON_OFFRAM0_Pos" is undefined
                  | POWER_RAMON_OFFRAM0_RAM0Off<<POWER_RAMON_OFFRAM0_Pos 
..\..\..\..\..\..\modules\nrfx\hal/nrf_power.h(975): error:  #20: identifier "POWER_RAMON_OFFRAM1_RAM1Off" is undefined
                  |POWER_RAMON_OFFRAM1_RAM1Off<<POWER_RAMON_OFFRAM1_Pos;
..\..\..\..\..\..\modules\nrfx\hal/nrf_power.h(975): error:  #20: identifier "POWER_RAMON_OFFRAM1_Pos" is undefined
                  |POWER_RAMON_OFFRAM1_RAM1Off<<POWER_RAMON_OFFRAM1_Pos;
..\..\..\..\..\..\modules\nrfx\drivers\src\nrfx_power_clock.c: 0 warnings, 9 errors
compiling nrf_drv_clock.c...
compiling nrf_drv_uart.c...
compiling nrfx_clock.c...
compiling nrfx_prs.c...
compiling nrfx_gpiote.c...
compiling nrfx_uarte.c...
compiling app_error.c...
compiling app_button.c...
compiling app_error_handler_keil.c...
compiling app_error_weak.c...
compiling app_timer.c...
compiling app_scheduler.c...
compiling app_util_platform.c...
compiling crc16.c...
compiling fds.c...
compiling hardfault_implementation.c...
compiling nrf_atfifo.c...
compiling nrf_assert.c...
compiling nrf_atflags.c...
compiling nrf_atomic.c...
compiling nrf_fprintf.c...
compiling nrf_balloc.c...
compiling nrf_pwr_mgmt.c...
..\..\..\..\..\..\modules\nrfx\hal\nrf_power.h(972): error:  #136: struct "<unnamed>"  has no field "RAMON"
  	
RF_POWER->RAMON = POWER_RAMON_ONRAM0_RAM0On<<POWER_RAMON_ONRAM0_Pos  
..\..\..\..\..\..\modules\nrfx\hal\nrf_power.h(972): error:  #20: identifier "POWER_RAMON_ONRAM0_RAM0On" is undefined
  	
RF_POWER->RAMON = POWER_RAMON_ONRAM0_RAM0On<<POWER_RAMON_ONRAM0_Pos  
..\..\..\..\..\..\modules\nrfx\hal\nrf_power.h(972): error:  #20: identifier "POWER_RAMON_ONRAM0_Pos" is undefined
  	NRF_POWER->RAMON = POWER_RAMON_ONRAM0_RAM0On<<POWER_RAMON_ONRAM0_Pos  
..\..\..\..\..\..\modules\nrfx\hal\nrf_power.h(973): error:  #20: identifier "POWER_RAMON_ONRAM1_RAM1On" is undefined
                  | POWER_RAMON_ONRAM1_RAM1On<<POWER_RAMON_ONRAM1_Pos  
..\..\..\..\..\..\modules\nrfx\hal\nrf_power.h(973): error:  #20: identifier "POWER_RAMON_ONRAM1_Pos" is undefined
                  | POWER_RAMON_ONRAM1_RAM1On<<POWER_RAMON_ONRAM1_Pos  
..\..\..\..\..\..\modules\nrfx\hal\nrf_power.h(974): error:  #20: identifier "POWER_RAMON_OFFRAM0_RAM0Off" is undefined
                  | POWER_RAMON_OFFRAM0_RAM0Off<<POWER_RAMON_OFFRAM0_Pos 
..\..\..\..\..\..\modules\nrfx\hal\nrf_power.h(974): error:  #20: identifier "POWER_RAMON_OFFRAM0_Pos" is undefined
                  | POWER_RAMON_OFFRAM0_RAM0Off<<POWER_RAMON_OFFRAM0_Pos 
..\..\..\..\..\..\modules\nrfx\hal\nrf_power.h(975): error:  #20: identifier "POWER_RAMON_OFFRAM1_RAM1Off" is undefined
                  |POWER_RAMON_OFFRAM1_RAM1Off<<POWER_RAMON_OFFRAM1_Pos;
..\..\..\..\..\..\modules\nrfx\hal\nrf_power.h(975): error:  #20: identifier "POWER_RAMON_OFFRAM1_Pos" is undefined
                  |POWER_RAMON_OFFRAM1_RAM1Off<<POWER_RAMON_OFFRAM1_Pos;
..\..\..\..\..\..\components\libraries\pwr_mgmt\nrf_pwr_mgmt.c: 0 warnings, 9 errors
compiling nrf_fprintf_format.c...
compiling nrf_fstorage_sd.c...
compiling nrf_memobj.c...
compiling nrf_fstorage.c...
compiling sensorsim.c...
compiling nrf_strerror.c...
compiling nrf_section_iter.c...
compiling nrf_log_backend_rtt.c...
compiling nrf_log_default_backends.c...
compiling nrf_log_backend_serial.c...
compiling nrf_log_backend_uart.c...
compiling nrf_log_frontend.c...
compiling SEGGER_RTT.c...
compiling nrf_log_str_formatter.c...
compiling SEGGER_RTT_Syscalls_KEIL.c...
assembling arm_startup_nrf52810.s...
compiling nrf_sdh.c...
compiling SEGGER_RTT_printf.c...
compiling nrf_sdh_ble.c...
compiling nrf_sdh_soc.c...
compiling system_nrf52810.c...
".\_build\nrf52810_xxaa.axf" - 27 Error(s), 2 Warning(s).

<h2>Software Packages used:</h2>

Package Vendor: ARM
                http://www.keil.com/pack/ARM.CMSIS.4.5.0.pack
                ARM::CMSIS:CORE:4.3.0
                CMSIS (Cortex Microcontroller Software Interface Standard)
   * Component: CORE Version: 4.3.0

Package Vendor: NordicSemiconductor
                http://developer.nordicsemi.com/nRF5_SDK/pieces/nRF_DeviceFamilyPack/NordicSemiconductor.nRF_DeviceFamilyPack.8.16.0.pack
                NordicSemiconductor::Device:Startup:8.16.0
                Nordic Semiconductor nRF ARM devices Device Family Pack with Nordic License.
   * Component: Startup Version: 8.16.0

<h2>Collection of Component include folders:</h2>
  .\RTE\_nrf52810_xxaa
  d:\Keil_v5\ARM\PACK\ARM\CMSIS\4.5.0\CMSIS\Include
  d:\Keil_v5\ARM\PACK\NordicSemiconductor\nRF_DeviceFamilyPack\8.16.0\Device\Include

<h2>Collection of Component Files used:</h2>

   * Component: ARM::CMSIS:CORE:4.3.0

   * Component: NordicSemiconductor::Device:Startup:8.16.0
      Include file:  Device\Include\system_nrf52810.h
      Source file:   Device\Source\arm\arm_startup_nrf52810.s
      Source file:   Device\Source\system_nrf52810.c
Target not created.
Build Time Elapsed:  00:00:25
</pre>
</body>
</html>
